Using pre-set license
Built from '2020.3/release' branch; Version is '2020.3.2f1 (8fd9074bf66c) revision 9427207'; Using compiler version '192528614'; Build Type 'Release'
OS: 'Windows 10 Home; OS build 19042.1288; Version 2009; 64bit' Language: 'en' Physical Memory: 16325 MB
BatchMode: 1, IsHumanControllingUs: 0, StartBugReporterOnCrash: 0, Is64bit: 1, IsPro: 0

 COMMAND LINE ARGUMENTS:
F:\Unity\2020.3.2f1\Editor\Unity.exe
-adb2
-batchMode
-noUpm
-name
AssetImportWorker0
-projectPath
C:/Users/Samuel/Desktop/Projects/Digital Studio Practice/Digital-Studio-Practice-Group-10A/Digital Studio Practice
-logFile
Logs/AssetImportWorker0.log
-srvPort
63533
Successfully changed project path to: C:/Users/Samuel/Desktop/Projects/Digital Studio Practice/Digital-Studio-Practice-Group-10A/Digital Studio Practice
C:/Users/Samuel/Desktop/Projects/Digital Studio Practice/Digital-Studio-Practice-Group-10A/Digital Studio Practice
Using Asset Import Pipeline V2.
Refreshing native plugins compatible for Editor in 32.09 ms, found 0 plugins.
Preloading 0 native plugins for Editor in 0.00 ms.
Initialize engine version: 2020.3.2f1 (8fd9074bf66c)
[Subsystems] Discovering subsystems at path F:/Unity/2020.3.2f1/Editor/Data/Resources/UnitySubsystems
[Subsystems] Discovering subsystems at path C:/Users/Samuel/Desktop/Projects/Digital Studio Practice/Digital-Studio-Practice-Group-10A/Digital Studio Practice/Assets
GfxDevice: creating device client; threaded=0
Direct3D:
    Version:  Direct3D 11.0 [level 11.1]
    Renderer: NVIDIA GeForce RTX 2080 Ti (ID=0x1e07)
    Vendor:   
    VRAM:     11048 MB
    Driver:   27.21.14.6677
Initialize mono
Mono path[0] = 'F:/Unity/2020.3.2f1/Editor/Data/Managed'
Mono path[1] = 'F:/Unity/2020.3.2f1/Editor/Data/MonoBleedingEdge/lib/mono/unityjit'
Mono config path = 'F:/Unity/2020.3.2f1/Editor/Data/MonoBleedingEdge/etc'
Using monoOptions --debugger-agent=transport=dt_socket,embedding=1,server=y,suspend=n,address=127.0.0.1:56856
Begin MonoManager ReloadAssembly
Registering precompiled unity dll's ...
Register platform support module: F:/Unity/2020.3.2f1/Editor/Data/PlaybackEngines/WebGLSupport/UnityEditor.WebGL.Extensions.dll
Register platform support module: F:/Unity/2020.3.2f1/Editor/Data/PlaybackEngines/MacStandaloneSupport/UnityEditor.OSXStandalone.Extensions.dll
Register platform support module: F:/Unity/2020.3.2f1/Editor/Data/PlaybackEngines/WindowsStandaloneSupport/UnityEditor.WindowsStandalone.Extensions.dll
Registered in 0.004483 seconds.
Native extension for WindowsStandalone target not found
Native extension for OSXStandalone target not found
Native extension for WebGL target not found
Refreshing native plugins compatible for Editor in 36.76 ms, found 0 plugins.
Preloading 0 native plugins for Editor in 0.00 ms.
Invoked RoslynAnalysisRunner static constructor.
RoslynAnalysisRunner will not be running.
RoslynAnalysisRunner has terminated.
Mono: successfully reloaded assembly
- Completed reload, in  4.069 seconds
Platform modules already initialized, skipping
Registering precompiled user dll's ...
Registered in 0.001506 seconds.
Begin MonoManager ReloadAssembly
Native extension for WindowsStandalone target not found
Native extension for OSXStandalone target not found
Native extension for WebGL target not found
Refreshing native plugins compatible for Editor in 0.24 ms, found 0 plugins.
Preloading 0 native plugins for Editor in 0.00 ms.
Invoked RoslynAnalysisRunner static constructor.
RoslynAnalysisRunner will not be running.
RoslynAnalysisRunner has terminated.
Mono: successfully reloaded assembly
- Completed reload, in  1.334 seconds
Platform modules already initialized, skipping
========================================================================
Worker process is ready to serve import requests
Launched and connected shader compiler UnityShaderCompiler.exe after 0.18 seconds
Refreshing native plugins compatible for Editor in 0.26 ms, found 0 plugins.
Preloading 0 native plugins for Editor in 0.00 ms.
Unloading 1115 Unused Serialized files (Serialized files now loaded: 0)
System memory in use before: 63.0 MB.
System memory in use after: 63.0 MB.

Unloading 10 unused Assets to reduce memory usage. Loaded Objects now: 1557.
Total: 2.004300 ms (FindLiveObjects: 0.230600 ms CreateObjectMapping: 0.131100 ms MarkObjects: 1.562800 ms  DeleteObjects: 0.078300 ms)

========================================================================
Received Import Request.
  path: Assets/Materials
  artifactKey: Guid(8877a61cef7ed3b428245de5d540ed3d) Importer(815301076,1909f56bfc062723c751e8b465ee728b)
Start importing Assets/Materials using Guid(8877a61cef7ed3b428245de5d540ed3d) Importer(815301076,1909f56bfc062723c751e8b465ee728b)  -> (artifact id: 'f9848b6983595071da13f9af0857a3bf') in 0.006836 seconds
  Import took 0.009292 seconds .

========================================================================
Received Import Request.
  Time since last request: 6.200044 seconds.
  path: Assets/Materials/Yellow.mat
  artifactKey: Guid(e116706f0f8e11847a0b8db386ea10e1) Importer(815301076,1909f56bfc062723c751e8b465ee728b)
Start importing Assets/Materials/Yellow.mat using Guid(e116706f0f8e11847a0b8db386ea10e1) Importer(815301076,1909f56bfc062723c751e8b465ee728b)  -> (artifact id: '2c7ffafd00481196e1c0c2bd35ff2e3c') in 0.188362 seconds
  Import took 0.191135 seconds .

========================================================================
Received Import Request.
  Time since last request: 1076.767687 seconds.
  path: Assets/Materials/Yellow.mat
  artifactKey: Guid(e116706f0f8e11847a0b8db386ea10e1) Importer(815301076,1909f56bfc062723c751e8b465ee728b)
Start importing Assets/Materials/Yellow.mat using Guid(e116706f0f8e11847a0b8db386ea10e1) Importer(815301076,1909f56bfc062723c751e8b465ee728b)  -> (artifact id: '2dabaf5e6c875173eab1f3adc0a841c7') in 0.024561 seconds
  Import took 0.033518 seconds .

========================================================================
Received Import Request.
  Time since last request: 1057.332425 seconds.
  path: Assets/Materials/Red.mat
  artifactKey: Guid(b87374fb8ffe5794bb210c56b46181ff) Importer(815301076,1909f56bfc062723c751e8b465ee728b)
Start importing Assets/Materials/Red.mat using Guid(b87374fb8ffe5794bb210c56b46181ff) Importer(815301076,1909f56bfc062723c751e8b465ee728b)  -> (artifact id: '9afa1f212a5350531c42bb39e56628c3') in 0.014042 seconds
  Import took 0.017011 seconds .

========================================================================
Received Import Request.
  Time since last request: 8.846001 seconds.
  path: Assets/Materials/Red.mat
  artifactKey: Guid(b87374fb8ffe5794bb210c56b46181ff) Importer(815301076,1909f56bfc062723c751e8b465ee728b)
Start importing Assets/Materials/Red.mat using Guid(b87374fb8ffe5794bb210c56b46181ff) Importer(815301076,1909f56bfc062723c751e8b465ee728b)  -> (artifact id: 'dc75257513598f0f5b4fde0e94d8977d') in 0.012939 seconds
  Import took 0.016294 seconds .

